2021-11-12 15:58:55.929  INFO 19396 --- [main] lavalink.server.Launcher                 : 

[32m       .  [31m _                  _ _       _    [32m__ _ _
[32m      /\\ [31m| | __ ___   ____ _| (_)_ __ | | __[32m\ \ \ \
[32m     ( ( )[31m| |/ _` \ \ / / _` | | | '_ \| |/ /[32m \ \ \ \
[32m      \\/ [31m| | (_| |\ V / (_| | | | | | |   < [32m  ) ) ) )
[32m       '  [31m|_|\__,_| \_/ \__,_|_|_|_| |_|_|\_\[32m / / / /
[0m    =========================================[32m/_/_/_/[0m

	Version:        df046f418b361af17e244536a670cc969eb60fba-SNAPSHOT
	Build:          Unofficial
	Build time:     16.08.2021 16:06:26 UTC
	Branch:         dev
	Commit:         df046f4
	Commit time:    16.08.2021 16:00:50 UTC
	Kotlin:         1.5.21
	JVM:            17.0.1
	Lavaplayer:     1.3.92

2021-11-12 15:58:56.044  INFO 19396 --- [main] lavalink.server.Launcher                 : Starting Launcher using Java 17.0.1 on DESKTOP-IHDAMHC with PID 19396 (C:\Users\Usuario\Desktop\Coding\EdnaldoBot\src\lavalink\Lavalink.jar started by Usuario in C:\Users\Usuario\Desktop\Coding\EdnaldoBot\src\lavalink)
2021-11-12 15:58:56.045  INFO 19396 --- [main] lavalink.server.Launcher                 : No active profile set, falling back to default profiles: default
2021-11-12 15:58:57.967  WARN 19396 --- [main] io.undertow.websockets.jsr               : UT026010: Buffer pool was not set on WebSocketDeploymentInfo, the default pool will be used
2021-11-12 15:58:57.999  INFO 19396 --- [main] io.undertow.servlet                      : Initializing Spring embedded WebApplicationContext
2021-11-12 15:58:58.000  INFO 19396 --- [main] w.s.c.ServletWebServerApplicationContext : Root WebApplicationContext: initialization completed in 1865 ms
2021-11-12 15:58:58.291  INFO 19396 --- [main] c.s.d.l.tools.GarbageCollectionMonitor   : GC monitoring enabled, reporting results every 2 minutes.
2021-11-12 15:58:58.504  INFO 19396 --- [main] lavalink.server.config.KoeConfiguration  : OS: Windows 10, Arch: amd64
2021-11-12 15:58:58.504  WARN 19396 --- [main] lavalink.server.config.KoeConfiguration  : This system and architecture appears to not support native audio sending! GC pauses may cause your bot to stutter during playback.
2021-11-12 15:58:58.505  INFO 19396 --- [main] lavalink.server.config.KoeConfiguration  : Using the 'default' byte buf allocator
2021-11-12 15:58:58.513  INFO 19396 --- [main] c.g.n.nativeloader.NativeLibLoader       : Native library timescale: loading with parts [Part{feature=X86.avx2, part=avx2}]
2021-11-12 15:58:58.516  INFO 19396 --- [main] c.g.n.nativeloader.NativeLibLoader       : Native library detector: loading with parts []
2021-11-12 15:58:58.523  INFO 19396 --- [main] c.g.n.nativeloader.NativeLibLoader       : Native library detector: successfully loaded.
2021-11-12 15:58:58.531  INFO 19396 --- [main] c.g.n.nativeloader.NativeLibLoader       : Native library timescale: successfully loaded.
2021-11-12 15:58:58.532  INFO 19396 --- [main] lavalink.server.io.SocketServer          : Timescale natives loaded successfully.
2021-11-12 15:58:58.540  WARN 19396 --- [main] l.server.config.SentryConfiguration      : Turning off sentry
2021-11-12 15:58:59.118  INFO 19396 --- [main] io.undertow                              : starting server: Undertow - 2.2.9.Final
2021-11-12 15:58:59.142  INFO 19396 --- [main] org.xnio                                 : XNIO version 3.8.4.Final
2021-11-12 15:58:59.168  INFO 19396 --- [main] org.xnio.nio                             : XNIO NIO Implementation Version 3.8.4.Final
2021-11-12 15:58:59.261  INFO 19396 --- [main] org.jboss.threads                        : JBoss Threads version 3.1.0.Final
2021-11-12 15:58:59.312  INFO 19396 --- [main] o.s.b.w.e.undertow.UndertowWebServer     : Undertow started on port(s) 2333 (http)
2021-11-12 15:58:59.324  INFO 19396 --- [main] lavalink.server.Launcher                 : Started Launcher in 3.991 seconds (JVM running for 4.515)
2021-11-12 15:59:38.639  INFO 19396 --- [SpringApplicationShutdownHook] io.undertow                              : stopping server: Undertow - 2.2.9.Final
2021-11-12 15:59:38.646  INFO 19396 --- [SpringApplicationShutdownHook] c.s.d.l.tools.GarbageCollectionMonitor   : GC monitoring disabled.
